<?xml version="1.0" encoding="UTF-8"?>
<!-- Generated by org.testng.reporters.JUnitReportReporter -->
<testsuite hostname="Suchitas-Air" failures="0" tests="1" name="testforng" time="3.691" errors="0" timestamp="2024-10-30T22:47:32 GMT" skipped="0">
  <testcase classname="testforng" name="test1" time="3.691"/>
  <system-out/>
</testsuite> <!-- testforng -->
